[debug] [2022-01-16T04:16:06.087Z] ----------------------------------------------------------------------
[debug] [2022-01-16T04:16:06.088Z] Command:       /usr/local/bin/node /usr/local/bin/firebase deploy
[debug] [2022-01-16T04:16:06.088Z] CLI Version:   10.0.1
[debug] [2022-01-16T04:16:06.088Z] Platform:      darwin
[debug] [2022-01-16T04:16:06.088Z] Node Version:  v16.13.1
[debug] [2022-01-16T04:16:06.089Z] Time:          Sat Jan 15 2022 21:16:06 GMT-0700 (Mountain Standard Time)
[debug] [2022-01-16T04:16:06.089Z] ----------------------------------------------------------------------
[debug] 
[debug] [2022-01-16T04:16:06.112Z] > command requires scopes: ["email","openid","https://www.googleapis.com/auth/cloudplatformprojects.readonly","https://www.googleapis.com/auth/firebase","https://www.googleapis.com/auth/cloud-platform"]
[debug] [2022-01-16T04:16:06.113Z] > authorizing via signed-in user (xjyhenry@gmail.com)
[debug] [2022-01-16T04:16:06.113Z] [iam] checking project theevetnssite for permissions ["datastore.indexes.create","datastore.indexes.delete","datastore.indexes.list","datastore.indexes.update","firebase.projects.get","firebasehosting.sites.update","firebaserules.releases.create","firebaserules.releases.update","firebaserules.rulesets.create"]
[debug] [2022-01-16T04:16:06.114Z] >>> HTTP REQUEST POST https://cloudresourcemanager.googleapis.com/v1/projects/theevetnssite:testIamPermissions  
 {"permissions":["datastore.indexes.create","datastore.indexes.delete","datastore.indexes.list","datastore.indexes.update","firebase.projects.get","firebasehosting.sites.update","firebaserules.releases.create","firebaserules.releases.update","firebaserules.rulesets.create"]}
[debug] [2022-01-16T04:16:06.339Z] <<< HTTP RESPONSE 200 {"content-type":"application/json; charset=UTF-8","vary":"X-Origin, Referer, Origin,Accept-Encoding","date":"Sun, 16 Jan 2022 04:16:06 GMT","server":"ESF","cache-control":"private","x-xss-protection":"0","x-frame-options":"SAMEORIGIN","x-content-type-options":"nosniff","server-timing":"gfet4t7; dur=33","alt-svc":"h3=\":443\"; ma=2592000,h3-29=\":443\"; ma=2592000,h3-Q050=\":443\"; ma=2592000,h3-Q046=\":443\"; ma=2592000,h3-Q043=\":443\"; ma=2592000,quic=\":443\"; ma=2592000; v=\"46,43\"","accept-ranges":"none","transfer-encoding":"chunked"}
[debug] [2022-01-16T04:16:06.341Z] > refreshing access token with scopes: []
[debug] [2022-01-16T04:16:06.342Z] >>> HTTP REQUEST POST https://www.googleapis.com/oauth2/v3/token  
 <request body omitted>
[debug] [2022-01-16T04:16:06.512Z] <<< HTTP RESPONSE 200 {"cache-control":"no-cache, no-store, max-age=0, must-revalidate","date":"Sun, 16 Jan 2022 04:16:06 GMT","pragma":"no-cache","expires":"Mon, 01 Jan 1990 00:00:00 GMT","content-type":"application/json; charset=utf-8","vary":"X-Origin, Referer, Origin,Accept-Encoding","server":"scaffolding on HTTPServer2","x-xss-protection":"0","x-frame-options":"SAMEORIGIN","x-content-type-options":"nosniff","alt-svc":"h3=\":443\"; ma=2592000,h3-29=\":443\"; ma=2592000,h3-Q050=\":443\"; ma=2592000,h3-Q046=\":443\"; ma=2592000,h3-Q043=\":443\"; ma=2592000,quic=\":443\"; ma=2592000; v=\"46,43\"","accept-ranges":"none","transfer-encoding":"chunked"}
[debug] [2022-01-16T04:16:06.556Z] >>> [apiv2][query] GET https://firebase.googleapis.com/v1beta1/projects/theevetnssite [none]
[debug] [2022-01-16T04:16:06.815Z] <<< [apiv2][status] GET https://firebase.googleapis.com/v1beta1/projects/theevetnssite 200
[debug] [2022-01-16T04:16:06.816Z] <<< [apiv2][body] GET https://firebase.googleapis.com/v1beta1/projects/theevetnssite {"projectId":"theevetnssite","projectNumber":"969404055200","displayName":"BlogStation","name":"projects/theevetnssite","resources":{"hostingSite":"theevetnssite","storageBucket":"theevetnssite.appspot.com","locationId":"us-central"},"state":"ACTIVE"}
[info] 
[info] === Deploying to 'theevetnssite'...
[info] 
[info] i  deploying storage, firestore, hosting 
[debug] [2022-01-16T04:16:06.817Z] > refreshing access token with scopes: ["email","https://www.googleapis.com/auth/cloud-platform","https://www.googleapis.com/auth/cloudplatformprojects.readonly","https://www.googleapis.com/auth/firebase","openid"]
[debug] [2022-01-16T04:16:06.817Z] >>> HTTP REQUEST POST https://www.googleapis.com/oauth2/v3/token  
 <request body omitted>
[debug] [2022-01-16T04:16:06.968Z] <<< HTTP RESPONSE 200 {"expires":"Mon, 01 Jan 1990 00:00:00 GMT","pragma":"no-cache","date":"Sun, 16 Jan 2022 04:16:07 GMT","cache-control":"no-cache, no-store, max-age=0, must-revalidate","content-type":"application/json; charset=utf-8","vary":"X-Origin, Referer, Origin,Accept-Encoding","server":"scaffolding on HTTPServer2","x-xss-protection":"0","x-frame-options":"SAMEORIGIN","x-content-type-options":"nosniff","alt-svc":"h3=\":443\"; ma=2592000,h3-29=\":443\"; ma=2592000,h3-Q050=\":443\"; ma=2592000,h3-Q046=\":443\"; ma=2592000,h3-Q043=\":443\"; ma=2592000,quic=\":443\"; ma=2592000; v=\"46,43\"","accept-ranges":"none","transfer-encoding":"chunked"}
[debug] [2022-01-16T04:16:07.009Z] >>> HTTP REQUEST GET https://appengine.googleapis.com/v1/apps/theevetnssite  
 
[debug] [2022-01-16T04:16:07.414Z] <<< HTTP RESPONSE 200 {"content-type":"application/json; charset=UTF-8","vary":"X-Origin, Referer, Origin,Accept-Encoding","date":"Sun, 16 Jan 2022 04:16:07 GMT","server":"ESF","cache-control":"private","x-xss-protection":"0","x-frame-options":"SAMEORIGIN","x-content-type-options":"nosniff","alt-svc":"h3=\":443\"; ma=2592000,h3-29=\":443\"; ma=2592000,h3-Q050=\":443\"; ma=2592000,h3-Q046=\":443\"; ma=2592000,h3-Q043=\":443\"; ma=2592000,quic=\":443\"; ma=2592000; v=\"46,43\"","accept-ranges":"none","transfer-encoding":"chunked"}
[info] i  firebase.storage: checking storage.rules for compilation errors... 
[debug] [2022-01-16T04:16:07.416Z] >>> HTTP REQUEST POST https://firebaserules.googleapis.com/v1/projects/theevetnssite:test  
 {"source":{"files":[{"name":"storage.rules","content":"rules_version = '2';\nservice firebase.storage {\n  match /b/{bucket}/o {\n    match /{allPaths=**} {\n      allow read, write: if request.auth!=null;\n    }\n  }\n}\n"}]}}
[debug] [2022-01-16T04:16:07.935Z] <<< HTTP RESPONSE 200 {"content-type":"application/json; charset=UTF-8","vary":"X-Origin, Referer, Origin,Accept-Encoding","date":"Sun, 16 Jan 2022 04:16:07 GMT","server":"ESF","cache-control":"private","x-xss-protection":"0","x-frame-options":"SAMEORIGIN","x-content-type-options":"nosniff","alt-svc":"h3=\":443\"; ma=2592000,h3-29=\":443\"; ma=2592000,h3-Q050=\":443\"; ma=2592000,h3-Q046=\":443\"; ma=2592000,h3-Q043=\":443\"; ma=2592000,quic=\":443\"; ma=2592000; v=\"46,43\"","accept-ranges":"none","transfer-encoding":"chunked"}
[info] ✔  firebase.storage: rules file storage.rules compiled successfully 
[info] i  firestore: reading indexes from firestore.indexes.json... 
[info] i  cloud.firestore: checking firestore.rules for compilation errors... 
[debug] [2022-01-16T04:16:07.942Z] >>> HTTP REQUEST POST https://firebaserules.googleapis.com/v1/projects/theevetnssite:test  
 {"source":{"files":[{"name":"firestore.rules","content":"rules_version = '2';\nservice cloud.firestore {\n  match /databases/{database}/documents {\n    // user\n    match /users/{user_id}{\n      allow read, create: if request.auth != null;\n      allow update: if request.auth.uid == user_id\n    }\n    // project\n    match /projects/{project_id} {\n      allow read, create, update: if request.auth != null;\n      allow delete: if request.auth.uid == resource.data.createdBy.id \n    }\n  }\n}"}]}}
[debug] [2022-01-16T04:16:08.341Z] <<< HTTP RESPONSE 200 {"content-type":"application/json; charset=UTF-8","vary":"X-Origin, Referer, Origin,Accept-Encoding","date":"Sun, 16 Jan 2022 04:16:08 GMT","server":"ESF","cache-control":"private","x-xss-protection":"0","x-frame-options":"SAMEORIGIN","x-content-type-options":"nosniff","alt-svc":"h3=\":443\"; ma=2592000,h3-29=\":443\"; ma=2592000,h3-Q050=\":443\"; ma=2592000,h3-Q046=\":443\"; ma=2592000,h3-Q043=\":443\"; ma=2592000,quic=\":443\"; ma=2592000; v=\"46,43\"","accept-ranges":"none","transfer-encoding":"chunked"}
[info] ✔  cloud.firestore: rules file firestore.rules compiled successfully 
[debug] [2022-01-16T04:16:08.344Z] >>> HTTP REQUEST POST https://firebasehosting.googleapis.com/v1beta1/sites/theevetnssite/versions  
 {"config":{"rewrites":[{"glob":"**","path":"/index.html"}]},"labels":{"deployment-tool":"cli-firebase"}}
[debug] [2022-01-16T04:16:09.129Z] <<< HTTP RESPONSE 200 {"content-type":"application/json; charset=UTF-8","vary":"X-Origin, Referer, Origin,Accept-Encoding","date":"Sun, 16 Jan 2022 04:16:09 GMT","server":"ESF","cache-control":"private","x-xss-protection":"0","x-frame-options":"SAMEORIGIN","x-content-type-options":"nosniff","alt-svc":"h3=\":443\"; ma=2592000,h3-29=\":443\"; ma=2592000,h3-Q050=\":443\"; ma=2592000,h3-Q046=\":443\"; ma=2592000,h3-Q043=\":443\"; ma=2592000,quic=\":443\"; ma=2592000; v=\"46,43\"","accept-ranges":"none","transfer-encoding":"chunked"}
[debug] [2022-01-16T04:16:09.131Z] >>> HTTP REQUEST GET https://firebaserules.googleapis.com/v1/projects/theevetnssite/releases?pageSize=10&pageToken=  
 
[debug] [2022-01-16T04:16:09.560Z] <<< HTTP RESPONSE 200 {"content-type":"application/json; charset=UTF-8","vary":"X-Origin, Referer, Origin,Accept-Encoding","date":"Sun, 16 Jan 2022 04:16:09 GMT","server":"ESF","cache-control":"private","x-xss-protection":"0","x-frame-options":"SAMEORIGIN","x-content-type-options":"nosniff","alt-svc":"h3=\":443\"; ma=2592000,h3-29=\":443\"; ma=2592000,h3-Q050=\":443\"; ma=2592000,h3-Q046=\":443\"; ma=2592000,h3-Q043=\":443\"; ma=2592000,quic=\":443\"; ma=2592000; v=\"46,43\"","accept-ranges":"none","transfer-encoding":"chunked"}
[debug] [2022-01-16T04:16:09.563Z] >>> HTTP REQUEST GET https://firebaserules.googleapis.com/v1/projects/theevetnssite/rulesets/ba267497-1342-48a2-a4c8-06670cf2e645  
 
[debug] [2022-01-16T04:16:09.976Z] <<< HTTP RESPONSE 200 {"content-type":"application/json; charset=UTF-8","vary":"X-Origin, Referer, Origin,Accept-Encoding","date":"Sun, 16 Jan 2022 04:16:10 GMT","server":"ESF","cache-control":"private","x-xss-protection":"0","x-frame-options":"SAMEORIGIN","x-content-type-options":"nosniff","alt-svc":"h3=\":443\"; ma=2592000,h3-29=\":443\"; ma=2592000,h3-Q050=\":443\"; ma=2592000,h3-Q046=\":443\"; ma=2592000,h3-Q043=\":443\"; ma=2592000,quic=\":443\"; ma=2592000; v=\"46,43\"","accept-ranges":"none","transfer-encoding":"chunked"}
[info] i  storage: latest version of storage.rules already up to date, skipping upload... 
[debug] [2022-01-16T04:16:09.978Z] >>> HTTP REQUEST GET https://firebaserules.googleapis.com/v1/projects/theevetnssite/releases?pageSize=10&pageToken=  
 
[debug] [2022-01-16T04:16:09.979Z] >>> HTTP REQUEST GET https://firestore.googleapis.com/v1/projects/theevetnssite/databases/(default)/collectionGroups/-/indexes  
 
[debug] [2022-01-16T04:16:10.372Z] <<< HTTP RESPONSE 200 {"content-type":"application/json; charset=UTF-8","vary":"X-Origin, Referer, Origin,Accept-Encoding","date":"Sun, 16 Jan 2022 04:16:10 GMT","server":"ESF","cache-control":"private","x-xss-protection":"0","x-frame-options":"SAMEORIGIN","x-content-type-options":"nosniff","alt-svc":"h3=\":443\"; ma=2592000,h3-29=\":443\"; ma=2592000,h3-Q050=\":443\"; ma=2592000,h3-Q046=\":443\"; ma=2592000,h3-Q043=\":443\"; ma=2592000,quic=\":443\"; ma=2592000; v=\"46,43\"","accept-ranges":"none","transfer-encoding":"chunked"}
[debug] [2022-01-16T04:16:10.374Z] >>> HTTP REQUEST GET https://firebaserules.googleapis.com/v1/projects/theevetnssite/rulesets/96d766c4-b0b6-412f-a987-f20da3fd01ac  
 
[debug] [2022-01-16T04:16:10.615Z] <<< HTTP RESPONSE 200 {"content-type":"application/json; charset=UTF-8","vary":"X-Origin, Referer, Origin,Accept-Encoding","date":"Sun, 16 Jan 2022 04:16:10 GMT","server":"ESF","cache-control":"private","x-xss-protection":"0","x-frame-options":"SAMEORIGIN","x-content-type-options":"nosniff","alt-svc":"h3=\":443\"; ma=2592000,h3-29=\":443\"; ma=2592000,h3-Q050=\":443\"; ma=2592000,h3-Q046=\":443\"; ma=2592000,h3-Q043=\":443\"; ma=2592000,quic=\":443\"; ma=2592000; v=\"46,43\"","accept-ranges":"none","transfer-encoding":"chunked"}
[debug] [2022-01-16T04:16:10.616Z] >>> HTTP REQUEST GET https://firestore.googleapis.com/v1/projects/theevetnssite/databases/(default)/collectionGroups/-/fields?filter=indexConfig.usesAncestorConfig=false  
 
[debug] [2022-01-16T04:16:10.811Z] <<< HTTP RESPONSE 200 {"content-type":"application/json; charset=UTF-8","vary":"X-Origin, Referer, Origin,Accept-Encoding","date":"Sun, 16 Jan 2022 04:16:10 GMT","server":"ESF","cache-control":"private","x-xss-protection":"0","x-frame-options":"SAMEORIGIN","x-content-type-options":"nosniff","alt-svc":"h3=\":443\"; ma=2592000,h3-29=\":443\"; ma=2592000,h3-Q050=\":443\"; ma=2592000,h3-Q046=\":443\"; ma=2592000,h3-Q043=\":443\"; ma=2592000,quic=\":443\"; ma=2592000; v=\"46,43\"","accept-ranges":"none","transfer-encoding":"chunked"}
[info] i  firestore: latest version of firestore.rules already up to date, skipping upload... 
[debug] [2022-01-16T04:16:11.313Z] <<< HTTP RESPONSE 200 {"content-type":"application/json; charset=UTF-8","vary":"X-Origin, Referer, Origin,Accept-Encoding","date":"Sun, 16 Jan 2022 04:16:11 GMT","server":"ESF","cache-control":"private","x-xss-protection":"0","x-frame-options":"SAMEORIGIN","x-content-type-options":"nosniff","alt-svc":"h3=\":443\"; ma=2592000,h3-29=\":443\"; ma=2592000,h3-Q050=\":443\"; ma=2592000,h3-Q046=\":443\"; ma=2592000,h3-Q043=\":443\"; ma=2592000,quic=\":443\"; ma=2592000; v=\"46,43\"","accept-ranges":"none","transfer-encoding":"chunked"}
[info] ✔  firestore: deployed indexes in firestore.indexes.json successfully 
[info] i  hosting[theevetnssite]: beginning deploy... 
[info] i  hosting[theevetnssite]: found 24 files in build 
[debug] [2022-01-16T04:16:11.742Z] > refreshing access token with scopes: []
[debug] [2022-01-16T04:16:11.742Z] >>> HTTP REQUEST POST https://www.googleapis.com/oauth2/v3/token  
 <request body omitted>
[debug] [2022-01-16T04:16:11.742Z] [hosting] hash cache [YnVpbGQ] stored for 24 files
[debug] [2022-01-16T04:16:11.743Z] [hosting][hash queue][FINAL] {"max":406,"min":10,"avg":30.583333333333332,"active":0,"complete":24,"success":24,"errored":0,"retried":0,"total":24,"elapsed":413}
[debug] [2022-01-16T04:16:11.892Z] <<< HTTP RESPONSE 200 {"pragma":"no-cache","date":"Sun, 16 Jan 2022 04:16:12 GMT","cache-control":"no-cache, no-store, max-age=0, must-revalidate","expires":"Mon, 01 Jan 1990 00:00:00 GMT","content-type":"application/json; charset=utf-8","vary":"X-Origin, Referer, Origin,Accept-Encoding","server":"scaffolding on HTTPServer2","x-xss-protection":"0","x-frame-options":"SAMEORIGIN","x-content-type-options":"nosniff","alt-svc":"h3=\":443\"; ma=2592000,h3-29=\":443\"; ma=2592000,h3-Q050=\":443\"; ma=2592000,h3-Q046=\":443\"; ma=2592000,h3-Q043=\":443\"; ma=2592000,quic=\":443\"; ma=2592000; v=\"46,43\"","accept-ranges":"none","transfer-encoding":"chunked"}
[debug] [2022-01-16T04:16:11.932Z] >>> [apiv2][query] POST https://firebasehosting.googleapis.com/v1beta1/sites/theevetnssite/versions/15d5e6abc1acc61c:populateFiles [none]
[debug] [2022-01-16T04:16:11.933Z] >>> [apiv2][body] POST https://firebasehosting.googleapis.com/v1beta1/sites/theevetnssite/versions/15d5e6abc1acc61c:populateFiles {"files":{"/index.html":"fd01e412423a6262f3a67634070a770a3e04c38d58dc0adb3daebe1b26f6d7b7","/manifest.json":"341d52628782f8ac9290bbfc43298afccb47b7cbfcee146ae30cf0f46bc30900","/logo192.png":"caff018b7f1e8fd481eb1c50d75b0ef236bcd5078b1d15c8bb348453fee30293","/favicon.ico":"b72f7455f00e4e58792d2bca892abb068e2213838c0316d6b7a0d6d16acd1955","/logo512.png":"191fc21360b4ccfb1cda11a1efb97f489ed22672ca83f4064316802bbfdd750e","/robots.txt":"391d14b3c2f8c9143a27a28c7399585142228d4d1bdbe2c87ac946de411fa9a2","/asset-manifest.json":"b2686e18699d7117a0105cd2d0280d3f63d0f6315336a9d2ba3fd011599cc33a","/static/css/main.b589b0a2.css":"b982098816c98c27189d1e6b0dfd68b1fb99e345112ac2323276ec500045f559","/static/media/add_icon.376e9b6a44e5b3142f1239a3cc8504d0.svg":"e8a1097c55d91893bbd11e6c93c149a0c2f5defdab912aff0198722f274842e5","/static/media/dashboard_icon.bc800f3b9286b71005c3f026ebfaa958.svg":"adfea809253ece5c5791c03062e0e12b43b9bde258276c1745e9581ac170eb52","/static/js/main.9b310380.js.LICENSE.txt":"b6f37869541c28b177960116ede5de7a8af34d8c1d2400a22c08932fde0713af","/static/media/manage_accounts.0c3f1be5ecb2205438675884199bebb8.svg":"3a49513dd35d93f8a5a350fe2d783e1dcbf1625bf50adac76508b12bbcc589ae","/static/media/game.261f9762103971022c83fe82eb00eed3.svg":"05ce994b75f882546a5d3aa0e08325b59b8e3255b72880fd99f96e3a8aea7d75","/static/css/main.b589b0a2.css.map":"c4299d165534def016a8cafcca5b23ce6cc68ba49902dd2d391a6c467e6d02d1","/static/media/temple.c57f882d6ddeca845dd49539d9e5e2d9.svg":"8f9f31927dd97c457b71b58b1171fceadee8e1f2f4434ef396744ca1cf2548be","/img/ring-1.png":"3fee3ada895aa89b291bb15e64f3fc1912f3782a94eb34744f10afc265cec24f","/img/sword-1.png":"2d3875d2dd7bdc3aae32ccca79afbb8a8c8ecb93de84245658422c79acc03038","/img/helmet-1.png":"2b1cfa502c3f9bbaa0342b768907aa3ae95e957eb4a51b0d1bf0ccfc2215e1d5","/img/scroll-1.png":"2ebf10c8545945f096c588e1f5e9102a51f60e45d5df228d4165a356f212f2b3","/img/potion-1.png":"7b3ad00c0949efe51a134fd744c0f0a05867e1e61633bf63637b526ac48d0ba3","/img/cover.png":"f885065c4c7356960137f494ec24aebe7563cc659418939324c178d9ea84b853","/img/shield-1.png":"d6ae876af0c5a95051f1ba36aedac5fd366d245d483bd7433bdce9d77304636c","/static/js/main.9b310380.js":"08f4ee2f9050cd6615917852bd28484f61055d61cf5c55a4b9ad090d5fb96925","/static/js/main.9b310380.js.map":"f65bcb9a93f57b0aa999b82c56df20730487454114f1ebcdc37e6dd82e3409f6"}}
